Removed Pin From Net: NetName=3.3V Pin= -1
Removed Pin From Net: NetName=TX2 Pin= -2
Removed Pin From Net: NetName=RX2 Pin= -3
Removed Pin From Net: NetName=GND Pin= -4
Removed Member From Class: ClassName=Sheet2 Member= 
Added Component: Designator=J2(TE_282834-4)
Add component (AddParameter): Name = "Availability"; Value = "In Stock"; VariantName = "[No Variations]"
Add component (AddParameter): Name = "Check_prices"; Value = "https://www.snapeda.com/parts/282834-4/TE+Connectivity+AMP+Connectors/view-part/?ref=eda"; VariantName = "[No Variations]"
Add component (AddParameter): Name = "EU_RoHS_Compliance"; Value = "Compliant with Exemptions"; VariantName = "[No Variations]"
Add component (AddParameter): Name = "MF"; Value = "TE Connectivity"; VariantName = "[No Variations]"
Add component (AddParameter): Name = "MP"; Value = "282834-4"; VariantName = "[No Variations]"
Add component (AddParameter): Name = "Package"; Value = "None"; VariantName = "[No Variations]"
Add component (AddParameter): Name = "Price"; Value = "None"; VariantName = "[No Variations]"
Add component (AddParameter): Name = "Purchase-URL"; Value = "https://pricing.snapeda.com/search/part/282834-4/?ref=eda"; VariantName = "[No Variations]"
Add component (AddParameter): Name = "SnapEDA_Link"; Value = "https://www.snapeda.com/parts/282834-4/TE+Connectivity+AMP+Connectors/view-part/?ref=snap"; VariantName = "[No Variations]"
Add component (AddParameter): Name = "Value"; Value = ""; VariantName = "[No Variations]"
Added Pin To Net: NetName=3.3V Pin=J2-1
Added Pin To Net: NetName=TX2 Pin=J2-2
Added Pin To Net: NetName=RX2 Pin=J2-3
Added Pin To Net: NetName=GND Pin=J2-4
Added Member To Class: ClassName=Sheet2 Member=Component J2 282834-4
