Removed Pin From Net: NetName=GND Pin=R2-2
Removed Pin From Net: NetName=NetC8_2 Pin=R3-1
Removed Pin From Net: NetName=5V Pin=R3-2
Removed Pin From Net: NetName=GND Pin=R4-1
Removed Pin From Net: NetName=EN Pin=R4-2
Removed Pin From Net: NetName=FB Pin=R5-1
Removed Pin From Net: NetName=NetC8_2 Pin=R5-2
Removed Pin From Net: NetName=GND Pin=R6-1
Removed Pin From Net: NetName=FB Pin=R6-2
Removed Pin From Net: NetName=NetC12_2 Pin=R7-1
Removed Pin From Net: NetName=NetC10_2 Pin=R7-2
Removed Pin From Net: NetName=NetL2_1 Pin=R8-1
Removed Pin From Net: NetName=3.3V Pin=R8-2
Removed Pin From Net: NetName=RESET Pin=R9-1
Removed Pin From Net: NetName=3.3V Pin=R9-2
Removed Pin From Net: NetName=USBDM Pin=R10-2
Removed Pin From Net: NetName=USBDP Pin=R11-2
Removed Pin From Net: NetName=USBDP Pin=R12-1
Removed Pin From Net: NetName=5V Pin=R12-2
Removed Pin From Net: NetName=NetR11_1 Pin=USB1-3
Change Component Comment : Designator=R12 Old Comment=4.7k New Comment=20
Change Component Comment : Designator=R10 Old Comment=20R New Comment=4.7k
Change Component Comment : Designator=R3 Old Comment=49.9k New Comment=50k
Added Pin To Net: NetName=GND Pin=R2-1
Added Pin To Net: NetName=5V Pin=R3-1
Added Pin To Net: NetName=NetC8_2 Pin=R3-2
Added Pin To Net: NetName=EN Pin=R4-1
Added Pin To Net: NetName=GND Pin=R4-2
Added Pin To Net: NetName=NetC8_2 Pin=R5-1
Added Pin To Net: NetName=FB Pin=R5-2
Added Pin To Net: NetName=FB Pin=R6-1
Added Pin To Net: NetName=GND Pin=R6-2
Added Pin To Net: NetName=NetC10_2 Pin=R7-1
Added Pin To Net: NetName=NetC12_2 Pin=R7-2
Added Pin To Net: NetName=3.3V Pin=R8-1
Added Pin To Net: NetName=NetL2_1 Pin=R8-2
Added Pin To Net: NetName=3.3V Pin=R9-1
Added Pin To Net: NetName=RESET Pin=R9-2
Added Pin To Net: NetName=5V Pin=R10-1
Added Pin To Net: NetName=USBDP Pin=R10-2
Added Pin To Net: NetName=USBDM Pin=R11-2
Added Pin To Net: NetName=USBDP Pin=R12-2
Added Pin To Net: NetName=NetR11_1 Pin=USB1-2
Added Pin To Net: NetName=NetR2_2 Pin=R2-2
Added Pin To Net: NetName=NetR2_2 Pin=U1-44
Added Net: Name=NetR2_2
Added Pin To Net: NetName=NetR12_1 Pin=R12-1
Added Pin To Net: NetName=NetR12_1 Pin=USB1-3
Added Net: Name=NetR12_1
