Removed Pin From Net: NetName=BOOT Pin=C1-1
Removed Pin From Net: NetName=SW Pin=C1-2
Removed Pin From Net: NetName=VIN Pin=C4-1
Removed Pin From Net: NetName=GND Pin=C4-2
Removed Pin From Net: NetName=VIN Pin=C5-1
Removed Pin From Net: NetName=GND Pin=C5-2
Removed Pin From Net: NetName=USBDP Pin=C6-1
Removed Pin From Net: NetName=GND Pin=C6-2
Removed Pin From Net: NetName=USBDP Pin=C7-1
Removed Pin From Net: NetName=GND Pin=C7-2
Removed Pin From Net: NetName=FB Pin=C8-2
Removed Pin From Net: NetName=GND Pin=C9-1
Removed Pin From Net: NetName=GND Pin=C10-2
Removed Pin From Net: NetName=GND Pin=C11-1
Removed Pin From Net: NetName=GND Pin=C12-2
Removed Pin From Net: NetName=3.3V Pin=C13-1
Removed Pin From Net: NetName=GND Pin=C13-2
Removed Pin From Net: NetName=USBDP Pin=C14-1
Removed Pin From Net: NetName=GND Pin=C14-2
Removed Pin From Net: NetName=RESET Pin=C15-1
Removed Pin From Net: NetName=GND Pin=C15-2
Removed Pin From Net: NetName=NetR11_2 Pin=USB1-2
Change Component Footprint: Designator=C1 Old Footprint=Cap 0402 New Footprint=SM-0805
Change Component Footprint: Designator=C2 Old Footprint=Cap 0402 New Footprint=SM-0805
Change Component Footprint: Designator=C3 Old Footprint=Cap 0402 New Footprint=SM-0805
Change Component Footprint: Designator=C4 Old Footprint=Cap 0402 New Footprint=SM-0805
Change Component Footprint: Designator=C5 Old Footprint=Cap 0402 New Footprint=SM-0805
Change Component Footprint: Designator=C6 Old Footprint=Cap 0402 New Footprint=SM-0805
Change Component Footprint: Designator=C7 Old Footprint=Cap 0402 New Footprint=SM-0805
Change Component Footprint: Designator=C8 Old Footprint=Cap 0402 New Footprint=SM-0805
Change Component Footprint: Designator=C9 Old Footprint=Cap 0402 New Footprint=SM-0805
Change Component Footprint: Designator=C10 Old Footprint=Cap 0402 New Footprint=SM-0805
Change Component Footprint: Designator=C11 Old Footprint=Cap 0402 New Footprint=SM-0805
Change Component Footprint: Designator=C12 Old Footprint=Cap 0402 New Footprint=SM-0805
Change Component Footprint: Designator=C13 Old Footprint=Cap 0402 New Footprint=SM-0805
Change Component Footprint: Designator=C14 Old Footprint=Cap 0402 New Footprint=SM-0805
Change Component Footprint: Designator=C15 Old Footprint=Cap 0603 New Footprint=SM-0805
Change Component Footprint: Designator=C16 Old Footprint=Cap 0603 New Footprint=SM-0805
Change Component Comment : Designator=C16 Old Comment=104, 0603 New Comment=104
Change component parameters: Designator = "C1" ("C1"); Footprint = "Cap 0402"; UniqueID = "\VZOSUVVP" ("\VZOSUVVP")
Change component parameters (AddParameter): Name = "Value"; Value = "103"; VariantName = "[No Variations]"
Change component parameters: Designator = "C2" ("C2"); Footprint = "Cap 0402"; UniqueID = "\ZVHPPQRI" ("\ZVHPPQRI")
Change component parameters (AddParameter): Name = "Value"; Value = "103"; VariantName = "[No Variations]"
Change component parameters: Designator = "C3" ("C3"); Footprint = "Cap 0402"; UniqueID = "\FGJGOVXO" ("\FGJGOVXO")
Change component parameters (AddParameter): Name = "Value"; Value = "103"; VariantName = "[No Variations]"
Change component parameters: Designator = "C4" ("C4"); Footprint = "Cap 0402"; UniqueID = "\BXJLYFKG" ("\BXJLYFKG")
Change component parameters (AddParameter): Name = "Value"; Value = "103"; VariantName = "[No Variations]"
Change component parameters: Designator = "C5" ("C5"); Footprint = "Cap 0402"; UniqueID = "\XOJMEEAQ" ("\XOJMEEAQ")
Change component parameters (AddParameter): Name = "Value"; Value = "103"; VariantName = "[No Variations]"
Change component parameters: Designator = "C6" ("C6"); Footprint = "Cap 0402"; UniqueID = "\ZTFIBUGU" ("\ZTFIBUGU")
Change component parameters (AddParameter): Name = "Value"; Value = "103"; VariantName = "[No Variations]"
Change component parameters: Designator = "C7" ("C7"); Footprint = "Cap 0402"; UniqueID = "\NGJHIOBA" ("\NGJHIOBA")
Change component parameters (AddParameter): Name = "Value"; Value = "103"; VariantName = "[No Variations]"
Change component parameters: Designator = "C8" ("C8"); Footprint = "Cap 0402"; UniqueID = "\VOLPOICR" ("\VOLPOICR")
Change component parameters (AddParameter): Name = "Value"; Value = "103"; VariantName = "[No Variations]"
Change component parameters: Designator = "C9" ("C9"); Footprint = "Cap 0402"; UniqueID = "\VWQUIDAZ" ("\VWQUIDAZ")
Change component parameters (AddParameter): Name = "Value"; Value = "103"; VariantName = "[No Variations]"
Change component parameters: Designator = "C10" ("C10"); Footprint = "Cap 0402"; UniqueID = "\KHVFZENJ" ("\KHVFZENJ")
Change component parameters (AddParameter): Name = "Value"; Value = "103"; VariantName = "[No Variations]"
Change component parameters: Designator = "C11" ("C11"); Footprint = "Cap 0402"; UniqueID = "\ZIISTMWM" ("\ZIISTMWM")
Change component parameters (AddParameter): Name = "Value"; Value = "103"; VariantName = "[No Variations]"
Change component parameters: Designator = "C12" ("C12"); Footprint = "Cap 0402"; UniqueID = "\PUBWWFJY" ("\PUBWWFJY")
Change component parameters (AddParameter): Name = "Value"; Value = "103"; VariantName = "[No Variations]"
Change component parameters: Designator = "C13" ("C13"); Footprint = "Cap 0402"; UniqueID = "\IDNXIIDN" ("\IDNXIIDN")
Change component parameters (AddParameter): Name = "Value"; Value = "103"; VariantName = "[No Variations]"
Change component parameters: Designator = "C14" ("C14"); Footprint = "Cap 0402"; UniqueID = "\HVWIQJLE" ("\HVWIQJLE")
Change component parameters (AddParameter): Name = "Value"; Value = "103"; VariantName = "[No Variations]"
Change component parameters: Designator = "C15" ("C15"); Footprint = "Cap 0603"; UniqueID = "\USPXSDPY" ("\USPXSDPY")
Change component parameters (AddParameter): Name = "Value"; Value = "103"; VariantName = "[No Variations]"
Change component parameters: Designator = "C16" ("C16"); Footprint = "Cap 0603"; UniqueID = "\NFVVATCS" ("\NFVVATCS")
Change component parameters (AddParameter): Name = "Value"; Value = "103"; VariantName = "[No Variations]"
Added Component: Designator=R1(SM-0805)
Add component (AddParameter): Name = "Value"; Value = "1K"; VariantName = "[No Variations]"
Added Component: Designator=R2(SM-0805)
Add component (AddParameter): Name = "Value"; Value = "1K"; VariantName = "[No Variations]"
Added Component: Designator=R3(SM-0805)
Add component (AddParameter): Name = "Value"; Value = "1K"; VariantName = "[No Variations]"
Added Component: Designator=R4(SM-0805)
Add component (AddParameter): Name = "Value"; Value = "1K"; VariantName = "[No Variations]"
Added Component: Designator=R5(SM-0805)
Add component (AddParameter): Name = "Value"; Value = "1K"; VariantName = "[No Variations]"
Added Component: Designator=R6(SM-0805)
Add component (AddParameter): Name = "Value"; Value = "1K"; VariantName = "[No Variations]"
Added Component: Designator=R7(SM-0805)
Add component (AddParameter): Name = "Value"; Value = "1K"; VariantName = "[No Variations]"
Added Component: Designator=R8(SM-0805)
Add component (AddParameter): Name = "Value"; Value = "1K"; VariantName = "[No Variations]"
Added Component: Designator=R9(SM-0805)
Add component (AddParameter): Name = "Value"; Value = "1K"; VariantName = "[No Variations]"
Added Component: Designator=R10(SM-0805)
Add component (AddParameter): Name = "Value"; Value = "1K"; VariantName = "[No Variations]"
Added Component: Designator=R11(SM-0805)
Add component (AddParameter): Name = "Value"; Value = "1K"; VariantName = "[No Variations]"
Added Component: Designator=R12(SM-0805)
Add component (AddParameter): Name = "Value"; Value = "1K"; VariantName = "[No Variations]"
Added Pin To Net: NetName=SW Pin=C1-1
Added Pin To Net: NetName=BOOT Pin=C1-2
Added Pin To Net: NetName=GND Pin=C4-1
Added Pin To Net: NetName=VIN Pin=C4-2
Added Pin To Net: NetName=GND Pin=C5-1
Added Pin To Net: NetName=VIN Pin=C5-2
Added Pin To Net: NetName=GND Pin=C6-1
Added Pin To Net: NetName=USBDP Pin=C6-2
Added Pin To Net: NetName=GND Pin=C7-1
Added Pin To Net: NetName=USBDP Pin=C7-2
Added Pin To Net: NetName=FB Pin=C8-1
Added Pin To Net: NetName=GND Pin=C9-2
Added Pin To Net: NetName=GND Pin=C10-1
Added Pin To Net: NetName=GND Pin=C11-2
Added Pin To Net: NetName=GND Pin=C12-1
Added Pin To Net: NetName=GND Pin=C13-1
Added Pin To Net: NetName=3.3V Pin=C13-2
Added Pin To Net: NetName=GND Pin=C14-1
Added Pin To Net: NetName=USBDP Pin=C14-2
Added Pin To Net: NetName=GND Pin=C15-1
Added Pin To Net: NetName=RESET Pin=C15-2
Added Pin To Net: NetName=EN Pin=R1-1
Added Pin To Net: NetName=VIN Pin=R1-2
Added Pin To Net: NetName=NetR2_1 Pin=R2-1
Added Pin To Net: NetName=GND Pin=R2-2
Added Pin To Net: NetName=USBDP Pin=R3-2
Added Pin To Net: NetName=GND Pin=R4-1
Added Pin To Net: NetName=EN Pin=R4-2
Added Pin To Net: NetName=FB Pin=R5-1
Added Pin To Net: NetName=GND Pin=R6-1
Added Pin To Net: NetName=FB Pin=R6-2
Added Pin To Net: NetName=NetL2_1 Pin=R8-1
Added Pin To Net: NetName=3.3V Pin=R8-2
Added Pin To Net: NetName=RESET Pin=R9-1
Added Pin To Net: NetName=3.3V Pin=R9-2
Added Pin To Net: NetName=USBDM Pin=R10-2
Added Pin To Net: NetName=NetR11_2 Pin=R11-2
Added Pin To Net: NetName=NetR11_2 Pin=R12-1
Added Pin To Net: NetName=USBDP Pin=R12-2
Added Pin To Net: NetName=GND Pin=USB1-4
Added Pin To Net: NetName=NetC8_2 Pin=C8-2
Added Pin To Net: NetName=NetC8_2 Pin=R3-1
Added Pin To Net: NetName=NetC8_2 Pin=R5-2
Added Net: Name=NetC8_2
Added Pin To Net: NetName=NetC9_1 Pin=C9-1
Added Pin To Net: NetName=NetC9_1 Pin=U1-3
Added Pin To Net: NetName=NetC9_1 Pin=X2-2
Added Net: Name=NetC9_1
Added Pin To Net: NetName=NetC10_2 Pin=C10-2
Added Pin To Net: NetName=NetC10_2 Pin=R7-2
Added Pin To Net: NetName=NetC10_2 Pin=U1-5
Added Pin To Net: NetName=NetC10_2 Pin=X1-2
Added Net: Name=NetC10_2
Added Pin To Net: NetName=NetC11_1 Pin=C11-1
Added Pin To Net: NetName=NetC11_1 Pin=U1-4
Added Pin To Net: NetName=NetC11_1 Pin=X2-1
Added Net: Name=NetC11_1
Added Pin To Net: NetName=NetC12_2 Pin=C12-2
Added Pin To Net: NetName=NetC12_2 Pin=R7-1
Added Pin To Net: NetName=NetC12_2 Pin=U1-6
Added Pin To Net: NetName=NetC12_2 Pin=X1-1
Added Net: Name=NetC12_2
Added Pin To Net: NetName=NetR10_1 Pin=R10-1
Added Pin To Net: NetName=NetR10_1 Pin=USB1-2
Added Net: Name=NetR10_1
Added Pin To Net: NetName=NetR11_1 Pin=R11-1
Added Pin To Net: NetName=NetR11_1 Pin=USB1-3
Added Net: Name=NetR11_1
Added Member To Class: ClassName=Sheet2 Member=Component R1 510K
Added Member To Class: ClassName=Sheet2 Member=Component R2 1M
Added Member To Class: ClassName=Sheet2 Member=Component R3 49.9k
Added Member To Class: ClassName=Sheet2 Member=Component R4 105K
Added Member To Class: ClassName=Sheet2 Member=Component R5 100k
Added Member To Class: ClassName=Sheet2 Member=Component R6 13.7k
Added Member To Class: ClassName=Sheet2 Member=Component R7 1M
Added Member To Class: ClassName=Sheet2 Member=Component R8 330
Added Member To Class: ClassName=Sheet2 Member=Component R9 10K
Added Member To Class: ClassName=Sheet2 Member=Component R10 20R
Added Member To Class: ClassName=Sheet2 Member=Component R11 20
Added Member To Class: ClassName=Sheet2 Member=Component R12 4.7k
