Removed Pin From Net: NetName=5V Pin=R3-1
Removed Pin From Net: NetName=NetC8_2 Pin=R3-2
Removed Pin From Net: NetName=EN Pin=R4-1
Removed Pin From Net: NetName=GND Pin=R4-2
Removed Pin From Net: NetName=NetC10_2 Pin=R7-1
Removed Pin From Net: NetName=NetC12_2 Pin=R7-2
Removed Pin From Net: NetName=3.3V Pin=R8-1
Removed Pin From Net: NetName=NetL2_1 Pin=R8-2
Removed Pin From Net: NetName=3.3V Pin=R9-1
Removed Pin From Net: NetName=RESET Pin=R9-2
Removed Pin From Net: NetName=5V Pin=R10-1
Removed Pin From Net: NetName=USBDP Pin=R10-2
Added Pin To Net: NetName=NetC8_2 Pin=R3-1
Added Pin To Net: NetName=5V Pin=R3-2
Added Pin To Net: NetName=GND Pin=R4-1
Added Pin To Net: NetName=EN Pin=R4-2
Added Pin To Net: NetName=NetC12_2 Pin=R7-1
Added Pin To Net: NetName=NetC10_2 Pin=R7-2
Added Pin To Net: NetName=NetL2_1 Pin=R8-1
Added Pin To Net: NetName=3.3V Pin=R8-2
Added Pin To Net: NetName=RESET Pin=R9-1
Added Pin To Net: NetName=3.3V Pin=R9-2
Added Pin To Net: NetName=USBDP Pin=R10-1
Added Pin To Net: NetName=5V Pin=R10-2
