Removed Pin From Net: NetName=3.3V Pin=P2-12
Removed Pin From Net: NetName=5V Pin=P2-13
Removed Pin From Net: NetName=GND Pin=P2-14
Removed Pin From Net: NetName=GND Pin=P2-15
Removed Pin From Net: NetName=PB1 Pin=P3-2
Removed Pin From Net: NetName=3.3V Pin=P3-13
Removed Pin From Net: NetName=5V Pin=P3-14
Removed Pin From Net: NetName=GND Pin=P3-15
Removed Pin From Net: NetName=PB1 Pin=U1-19
Removed Member From Class: ClassName=Sheet2 Member=P2
Removed Member From Class: ClassName=Sheet2 Member=P3
Added Component: Designator=R15(RES 0603)
Add component (AddParameter): Name = "Category"; Value = "Resistors"; VariantName = "[No Variations]"
Add component (AddParameter): Name = "ComponentLink1Description"; Value = "http://www.vishay.com/docs/20035/dcrcwe3.pdf"; VariantName = "[No Variations]"
Add component (AddParameter): Name = "ComponentLink1URL"; Value = "http://www.vishay.com/docs/20035/dcrcwe3.pdf"; VariantName = "[No Variations]"
Add component (AddParameter): Name = "Composition"; Value = "Thick Film"; VariantName = "[No Variations]"
Add component (AddParameter): Name = "Features"; Value = "Automotive AEC-Q200"; VariantName = "[No Variations]"
Add component (AddParameter): Name = "Height"; Value = "0.016" (0.40mm)"; VariantName = "[No Variations]"
Add component (AddParameter): Name = "Manufacturer"; Value = "Vishay Dale"; VariantName = "[No Variations]"
Add component (AddParameter): Name = "Manufacturer Part Number"; Value = "CRCW040210K0FKED"; VariantName = "[No Variations]"
Add component (AddParameter): Name = "Number of Terminations"; Value = "2"; VariantName = "[No Variations]"
Add component (AddParameter): Name = "Operating Temperature"; Value = "-55°C ~ 155°C"; VariantName = "[No Variations]"
Add component (AddParameter): Name = "Package / Case"; Value = "0402 (1005 Metric)"; VariantName = "[No Variations]"
Add component (AddParameter): Name = "Packaging"; Value = "Cut Tape (CT)"; VariantName = "[No Variations]"
Add component (AddParameter): Name = "Power (Watts)"; Value = "0.063W, 1/16W"; VariantName = "[No Variations]"
Add component (AddParameter): Name = "Pricing 1"; Value = "10=0.083, 50=0.0444, 200=0.0255, 1000=0.0174 (USD)"; VariantName = "[No Variations]"
Add component (AddParameter): Name = "Resistance (Ohms)"; Value = "10k"; VariantName = "[No Variations]"
Add component (AddParameter): Name = "RoHS"; Value = "RoHS Compliant"; VariantName = "[No Variations]"
Add component (AddParameter): Name = "Size / Dimension"; Value = "0.039" L x 0.020" W (1.00mm x 0.50mm)"; VariantName = "[No Variations]"
Add component (AddParameter): Name = "Stock 1"; Value = "2392462"; VariantName = "[No Variations]"
Add component (AddParameter): Name = "Supplier 1"; Value = "Digi-Key"; VariantName = "[No Variations]"
Add component (AddParameter): Name = "Supplier Device Package"; Value = "0402 (1005 Metric)"; VariantName = "[No Variations]"
Add component (AddParameter): Name = "Supplier Part Number 1"; Value = "541-10.0KLCT-ND"; VariantName = "[No Variations]"
Add component (AddParameter): Name = "Temperature Coefficient"; Value = "±100ppm/°C"; VariantName = "[No Variations]"
Add component (AddParameter): Name = "Tolerance"; Value = "±1%"; VariantName = "[No Variations]"
Added Component: Designator=USB1(USB Micro 5p SMD)
Add component (AddParameter): Name = "Ma_Hang"; Value = "MH001020"; VariantName = "[No Variations]"
Add component (AddParameter): Name = "Ten"; Value = "MicroUSB MK5P SMD"; VariantName = "[No Variations]"
Added Pin To Net: NetName=3.3V Pin=USB1-1
Added Pin To Net: NetName=GND Pin=USB1-5
Added Pin To Net: NetName=GND Pin=USB1-5
Added Pin To Net: NetName=GND Pin=USB1-5
Added Pin To Net: NetName=USBDM Pin=U1-32
Added Pin To Net: NetName=USBDM Pin=USB1-2
Added Net: Name=USBDM
Added Pin To Net: NetName=USBDP Pin=R15-2
Added Pin To Net: NetName=USBDP Pin=U1-33
Added Pin To Net: NetName=USBDP Pin=USB1-3
Added Net: Name=USBDP
Added Pin To Net: NetName=VCC Pin=R15-1
Added Net: Name=VCC
Added Member To Class: ClassName=Sheet2 Member=Component R15 1,7K
Added Member To Class: ClassName=Sheet2 Member=Component USB1 USB Micro 5p SMD
