Removed Pin From Net: NetName=RX3 Pin=IC1-1
Removed Pin From Net: NetName=TX3 Pin=IC1-4
Removed Pin From Net: NetName=GND Pin=IC1-5
Removed Pin From Net: NetName=5V Pin=IC1-8
Removed Pin From Net: NetName=3.3V Pin=LED1-1
Removed Pin From Net: NetName=3.3V Pin=LED2-1
Removed Pin From Net: NetName=RX3 Pin=R9-1
Removed Pin From Net: NetName=GND Pin=R10-2
Removed Pin From Net: NetName=GND Pin=R12-1
Removed Pin From Net: NetName=3.3V Pin=R13-1
Removed Pin From Net: NetName=TX3 Pin=R14-2
Removed Member From Class: ClassName=Sheet2 Member=HD1
Removed Member From Class: ClassName=Sheet2 Member=IC1
Removed Member From Class: ClassName=Sheet2 Member=LED1
Removed Member From Class: ClassName=Sheet2 Member=LED2
Removed Member From Class: ClassName=Sheet2 Member=R10
Removed Member From Class: ClassName=Sheet2 Member=R11
Removed Member From Class: ClassName=Sheet2 Member=R12
Removed Member From Class: ClassName=Sheet2 Member=R13
Removed Member From Class: ClassName=Sheet2 Member=R14
Removed Member From Class: ClassName=Sheet2 Member=R15
Change Component Designator: OldDesignator=C2 NewDesignator=C3
Change Component Designator: OldDesignator=C3 NewDesignator=C4
Change Component Designator: OldDesignator=C4 NewDesignator=C2
Change Component Designator: OldDesignator=C10 NewDesignator=C16
Change Component Designator: OldDesignator=C11 NewDesignator=C10
Change Component Designator: OldDesignator=C12 NewDesignator=C11
Change Component Designator: OldDesignator=C13 NewDesignator=C12
Change Component Designator: OldDesignator=C14 NewDesignator=C13
Change Component Designator: OldDesignator=C15 NewDesignator=C14
Change Component Designator: OldDesignator=C16 NewDesignator=C15
Change Component Designator: OldDesignator=R2 NewDesignator=R3
Change Component Designator: OldDesignator=R3 NewDesignator=R2
Change Component Designator: OldDesignator=R15 NewDesignator=R9
Change Component Designator: OldDesignator=X2 NewDesignator=X1
Change Net Name : Old Net Name=NetC4_1 New Net Name=NetC2_1
Change Net Name : Old Net Name=NetC4_2 New Net Name=NetC2_2
Change Net Name : Old Net Name=NetC11_2 New Net Name=NetC10_2
Change Net Name : Old Net Name=NetC12_1 New Net Name=NetC11_1
Change Net Name : Old Net Name=NetC13_2 New Net Name=NetC12_2
Change Net Name : Old Net Name=NetC14_1 New Net Name=NetC13_1
Change Net Name : Old Net Name=NetR2_1 New Net Name=NetR3_1
Change Net Name : Old Net Name=NetR3_1 New Net Name=NetR2_1
