Removed Pin From Net: NetName=GND Pin=R4-1
Removed Pin From Net: NetName=EN Pin=R4-2
Removed Pin From Net: NetName=NetC8_2 Pin=R5-1
Removed Pin From Net: NetName=FB Pin=R5-2
Removed Pin From Net: NetName=FB Pin=R6-1
Removed Pin From Net: NetName=GND Pin=R6-2
Change Component Footprint: Designator=R3 Old Footprint=SM-0805 New Footprint=SM-1206
Change Component Footprint: Designator=R5 Old Footprint=SM-0805 New Footprint=SM-1206
Change Component Footprint: Designator=R6 Old Footprint=SM-0805 New Footprint=SM-1206
Change Component Comment : Designator=R4 Old Comment=1K New Comment=510K
Change Component Comment : Designator=R6 Old Comment=20k New Comment=1k
Change Component Comment : Designator=R3 Old Comment=50k New Comment=1k
Change Component Comment : Designator=R5 Old Comment=100k New Comment=1k
Change component parameters: Designator = "R3" ("R3"); Footprint = "SM-0805"; UniqueID = "\LHNTTVZH" ("\LHNTTVZH")
Change component parameters (AddParameter): Name = "Value"; Value = "R1/4W - 1K"; VariantName = "[No Variations]"
Change component parameters: Designator = "R5" ("R5"); Footprint = "SM-0805"; UniqueID = "\HNMVAQCY" ("\HNMVAQCY")
Change component parameters (AddParameter): Name = "Value"; Value = "R1/4W - 1K"; VariantName = "[No Variations]"
Change component parameters: Designator = "R6" ("R6"); Footprint = "SM-0805"; UniqueID = "\KMTILGJE" ("\KMTILGJE")
Change component parameters (AddParameter): Name = "Value"; Value = "R1/4W - 1K"; VariantName = "[No Variations]"
Added Pin To Net: NetName=EN Pin=R4-1
Added Pin To Net: NetName=GND Pin=R4-2
Added Pin To Net: NetName=FB Pin=R5-1
Added Pin To Net: NetName=NetC8_2 Pin=R5-2
Added Pin To Net: NetName=GND Pin=R6-1
Added Pin To Net: NetName=FB Pin=R6-2
